Flutter crash report.
Please report a bug at https://github.com/flutter/flutter/issues.

## command

flutter --no-color run --machine --device-id=7b359a68 --profile --dart-define=flutter.inspector.structuredErrors=true lib/main.dart

## exception

String: failed to connect to http://127.0.0.1:50093/UjEmMmdsJho=/

```
#0      DartDevelopmentServiceImpl.startService (package:dds/src/dds_impl.dart:133:7)
<asynchronous suspension>
#1      DartDevelopmentService.startDartDevelopmentService (package:dds/dds.dart:97:5)
<asynchronous suspension>
#2      DartDevelopmentService.startDartDevelopmentService (package:flutter_tools/src/base/dds.dart:54:22)
<asynchronous suspension>
#3      FlutterDevice.connect.<anonymous closure> (package:flutter_tools/src/resident_runner.dart:266:11)
<asynchronous suspension>
```

## flutter doctor

```
[✓] Flutter (Channel stable, 3.3.3, on macOS 13.1 22C65 darwin-arm, locale en-US)
    • Flutter version 3.3.3 on channel stable at /Users/jair/FlutterDev/flutter
    • Upstream repository https://github.com/flutter/flutter.git
    • Framework revision 18a827f393 (3 months ago), 2022-09-28 10:03:14 -0700
    • Engine revision 5c984c26eb
    • Dart version 2.18.2
    • DevTools version 2.15.0

[✓] Android toolchain - develop for Android devices (Android SDK version 33.0.0)
    • Android SDK at /Users/jair/Library/Android/sdk
    • Platform android-33, build-tools 33.0.0
    • Java binary at: /Applications/Android Studio.app/Contents/jre/Contents/Home/bin/java
    • Java version OpenJDK Runtime Environment (build 11.0.13+0-b1751.21-8125866)
    • All Android licenses accepted.

[✓] Xcode - develop for iOS and macOS (Xcode 14.2)
    • Xcode at /Applications/Xcode.app/Contents/Developer
    • Build 14C18
    • CocoaPods version 1.11.3

[✓] Chrome - develop for the web
    • Chrome at /Applications/Google Chrome.app/Contents/MacOS/Google Chrome

[✓] Android Studio (version 2021.3)
    • Android Studio at /Applications/Android Studio.app/Contents
    • Flutter plugin can be installed from:
      🔨 https://plugins.jetbrains.com/plugin/9212-flutter
    • Dart plugin can be installed from:
      🔨 https://plugins.jetbrains.com/plugin/6351-dart
    • Java version OpenJDK Runtime Environment (build 11.0.13+0-b1751.21-8125866)

[✓] VS Code (version 1.74.2)
    • VS Code at /Applications/Visual Studio Code.app/Contents
    • Flutter extension version 3.56.0

[✓] Connected device (3 available)
    • ONEPLUS A6013 (mobile) • 7b359a68 • android-arm64  • Android 11 (API 30)
    • macOS (desktop)        • macos    • darwin-arm64   • macOS 13.1 22C65 darwin-arm
    • Chrome (web)           • chrome   • web-javascript • Google Chrome 108.0.5359.124

[✓] HTTP Host Availability
    • All required HTTP hosts are available

• No issues found!
```
